C:\USERS\NIEYING\DOCUMENTS\VISUAL STUDIO 2010\PROJECTS\NEWPRO\NEWPRO\X64\DEBUG\BMPLOADER.OBJ
C:\Users\nieying\Documents\Visual Studio 2010\Projects\newPRO\newPRO\x64\Debug\cl.command.1.tlog
C:\Users\nieying\Documents\Visual Studio 2010\Projects\newPRO\newPRO\x64\Debug\CL.read.1.tlog
C:\Users\nieying\Documents\Visual Studio 2010\Projects\newPRO\newPRO\x64\Debug\CL.write.1.tlog
C:\USERS\NIEYING\DOCUMENTS\VISUAL STUDIO 2010\PROJECTS\NEWPRO\NEWPRO\X64\DEBUG\LAPACK.OBJ
C:\Users\nieying\Documents\Visual Studio 2010\Projects\newPRO\newPRO\x64\Debug\link.4868.read.1.tlog
C:\Users\nieying\Documents\Visual Studio 2010\Projects\newPRO\newPRO\x64\Debug\link.4868.write.1.tlog
C:\Users\nieying\Documents\Visual Studio 2010\Projects\newPRO\newPRO\x64\Debug\link.4868-cvtres.read.1.tlog
C:\Users\nieying\Documents\Visual Studio 2010\Projects\newPRO\newPRO\x64\Debug\link.4868-cvtres.write.1.tlog
C:\Users\nieying\Documents\Visual Studio 2010\Projects\newPRO\newPRO\x64\Debug\link.7880.read.1.tlog
C:\Users\nieying\Documents\Visual Studio 2010\Projects\newPRO\newPRO\x64\Debug\link.7880.write.1.tlog
C:\Users\nieying\Documents\Visual Studio 2010\Projects\newPRO\newPRO\x64\Debug\link.7880-cvtres.read.1.tlog
C:\Users\nieying\Documents\Visual Studio 2010\Projects\newPRO\newPRO\x64\Debug\link.7880-cvtres.write.1.tlog
C:\Users\nieying\Documents\Visual Studio 2010\Projects\newPRO\newPRO\x64\Debug\link.command.1.tlog
C:\Users\nieying\Documents\Visual Studio 2010\Projects\newPRO\newPRO\x64\Debug\link.read.1.tlog
C:\Users\nieying\Documents\Visual Studio 2010\Projects\newPRO\newPRO\x64\Debug\link.write.1.tlog
C:\Users\nieying\Documents\Visual Studio 2010\Projects\newPRO\newPRO\x64\Debug\link-cvtres.read.1.tlog
C:\Users\nieying\Documents\Visual Studio 2010\Projects\newPRO\newPRO\x64\Debug\link-cvtres.write.1.tlog
C:\Users\nieying\Documents\Visual Studio 2010\Projects\newPRO\newPRO\x64\Debug\main.cu.cache
C:\Users\nieying\Documents\Visual Studio 2010\Projects\newPRO\newPRO\x64\Debug\main.cu.obj
C:\Users\nieying\Documents\Visual Studio 2010\Projects\newPRO\newPRO\x64\Debug\mt.command.1.tlog
C:\Users\nieying\Documents\Visual Studio 2010\Projects\newPRO\newPRO\x64\Debug\mt.read.1.tlog
C:\Users\nieying\Documents\Visual Studio 2010\Projects\newPRO\newPRO\x64\Debug\mt.write.1.tlog
C:\Users\nieying\Documents\Visual Studio 2010\Projects\newPRO\newPRO\x64\Debug\newPro.cu.cache
C:\Users\nieying\Documents\Visual Studio 2010\Projects\newPRO\newPRO\x64\Debug\newPro.cu.obj
C:\USERS\NIEYING\DOCUMENTS\VISUAL STUDIO 2010\PROJECTS\NEWPRO\NEWPRO\X64\DEBUG\NEWPRO.EXE.EMBED.MANIFEST
C:\USERS\NIEYING\DOCUMENTS\VISUAL STUDIO 2010\PROJECTS\NEWPRO\NEWPRO\X64\DEBUG\NEWPRO.EXE.EMBED.MANIFEST.RES
C:\Users\nieying\Documents\Visual Studio 2010\Projects\newPRO\newPRO\x64\Debug\newPRO.exe.intermediate.manifest
C:\Users\nieying\Documents\Visual Studio 2010\Projects\newPRO\newPRO\x64\Debug\newPRO.vcxprojResolveAssemblyReference.cache
C:\Users\nieying\Documents\Visual Studio 2010\Projects\newPRO\newPRO\x64\Debug\newPRO.write.1.tlog
C:\Users\nieying\Documents\Visual Studio 2010\Projects\newPRO\newPRO\x64\Debug\newPRO_manifest.rc
C:\Users\nieying\Documents\Visual Studio 2010\Projects\newPRO\newPRO\x64\Debug\rc.command.1.tlog
C:\Users\nieying\Documents\Visual Studio 2010\Projects\newPRO\newPRO\x64\Debug\rc.read.1.tlog
C:\Users\nieying\Documents\Visual Studio 2010\Projects\newPRO\newPRO\x64\Debug\rc.write.1.tlog
C:\Users\nieying\Documents\Visual Studio 2010\Projects\newPRO\newPRO\x64\Debug\vc100.idb
C:\USERS\NIEYING\DOCUMENTS\VISUAL STUDIO 2010\PROJECTS\NEWPRO\NEWPRO\X64\DEBUG\VC100.PDB
C:\Users\nieying\Documents\Visual Studio 2010\Projects\newPRO\x64\Debug\newPRO.pdb
