生成启动时间为 2014/10/9 15:57:27。
     1>项目“F:\PS_Project\newPRO_Z2Z\newPRO\newPRO.vcxproj”在节点 2 上(build 个目标)。
     1>InitializeBuildStatus:
         正在创建“x64\Debug\newPRO_Z2Z.unsuccessfulbuild”，因为已指定“AlwaysCreate”。
       AddCudaCompileDeps:
       正在跳过目标“AddCudaCompileDeps”，因为所有输出文件相对于输入文件而言都是最新的。
       AddCudaCompileDeps:
       正在跳过目标“AddCudaCompileDeps”，因为所有输出文件相对于输入文件而言都是最新的。
       AddCudaCompilePropsDeps:
       正在跳过目标“AddCudaCompilePropsDeps”，因为所有输出文件相对于输入文件而言都是最新的。
       AddCudaCompilePropsDeps:
       正在跳过目标“AddCudaCompilePropsDeps”，因为所有输出文件相对于输入文件而言都是最新的。
       CudaBuild:
       正在跳过目标“CudaBuild”，因为所有输出文件相对于输入文件而言都是最新的。
       CudaBuild:
       正在跳过目标“CudaBuild”，因为所有输出文件相对于输入文件而言都是最新的。
       ClCompile:
         C:\Program Files (x86)\Microsoft Visual Studio 10.0\VC\bin\x86_amd64\CL.exe /c /I"C:\ProgramData\NVIDIA Corporation\CUDA Samples\v6.5\common\inc" /I"C:\Program Files\NVIDIA GPU Computing Toolkit\CUDA\v6.5\include" /ID:\CUDA\CLAPACK\INCLUDE /I"C:\Program Files\ArrayFire\v2.1\include" /I"C:\Program Files\NVIDIA GPU Computing Toolkit\CUDA\v6.5\include" /Zi /nologo /W3 /WX- /Od /D WIN32 /D WIN64 /D _DEBUG /D _CONSOLE /D _MBCS /Gm /EHsc /RTC1 /MT /GS /fp:precise /Zc:wchar_t /Zc:forScope /Fo"x64\Debug\\" /Fd"x64\Debug\vc100.pdb" /Gd /TP /errorReport:prompt main.cpp
         main.cpp
     1>C:\Program Files\NVIDIA GPU Computing Toolkit\CUDA\v6.5\include\device_functions.h : warning C4819: 该文件包含不能在当前代码页(936)中表示的字符。请将该文件保存为 Unicode 格式以防止数据丢失
     1>C:\Program Files\NVIDIA GPU Computing Toolkit\CUDA\v6.5\include\device_functions.h(783): warning C4819: 该文件包含不能在当前代码页(936)中表示的字符。请将该文件保存为 Unicode 格式以防止数据丢失
     1>C:\Program Files\NVIDIA GPU Computing Toolkit\CUDA\v6.5\include\device_functions.h(1659): warning C4819: 该文件包含不能在当前代码页(936)中表示的字符。请将该文件保存为 Unicode 格式以防止数据丢失
     1>c:\program files\nvidia gpu computing toolkit\cuda\v6.5\include\sm_13_double_functions.h : warning C4819: 该文件包含不能在当前代码页(936)中表示的字符。请将该文件保存为 Unicode 格式以防止数据丢失
       ManifestResourceCompile:
         所有输出均为最新。
       Link:
         C:\Program Files (x86)\Microsoft Visual Studio 10.0\VC\bin\x86_amd64\link.exe /ERRORREPORT:PROMPT /OUT:"F:\PS_Project\newPRO_Z2Z\x64\Debug\newPRO_Z2Z.exe" /INCREMENTAL /NOLOGO /LIBPATH:"C:\Program Files\NVIDIA GPU Computing Toolkit\CUDA\v6.5\lib\x64" freeglut.lib cudart.lib kernel32.lib user32.lib gdi32.lib winspool.lib comdlg32.lib advapi32.lib shell32.lib ole32.lib oleaut32.lib uuid.lib odbc32.lib odbccp32.lib kernel32.lib user32.lib gdi32.lib winspool.lib comdlg32.lib advapi32.lib shell32.lib ole32.lib oleaut32.lib uuid.lib odbc32.lib odbccp32.lib /NODEFAULTLIB:LIBCMT.lib /MANIFEST /ManifestFile:"x64\Debug\newPRO_Z2Z.exe.intermediate.manifest" /MANIFESTUAC:"level='asInvoker' uiAccess='false'" /DEBUG /PDB:"F:\PS_Project\newPRO_Z2Z\x64\Debug\newPRO_Z2Z.pdb" /SUBSYSTEM:CONSOLE /TLBID:1 /DYNAMICBASE /NXCOMPAT /IMPLIB:"F:\PS_Project\newPRO_Z2Z\x64\Debug\newPRO_Z2Z.lib" /MACHINE:X64 x64\Debug\countZKernel.cu.obj
         x64\Debug\newPro.cu.obj
         x64\Debug\newPRO_Z2Z.exe.embed.manifest.res
         x64\Debug\bmpLoader.obj
         x64\Debug\main.obj
         newPRO.vcxproj -> F:\PS_Project\newPRO_Z2Z\x64\Debug\newPRO_Z2Z.exe
       Manifest:
         c:\Program Files (x86)\Microsoft SDKs\Windows\v7.0A\bin\mt.exe /nologo /verbose /out:"x64\Debug\newPRO_Z2Z.exe.embed.manifest" /manifest x64\Debug\newPRO_Z2Z.exe.intermediate.manifest
         所有输出均为最新。
       LinkEmbedManifest:
         所有输出均为最新。
         newPRO.vcxproj -> F:\PS_Project\newPRO_Z2Z\x64\Debug\newPRO_Z2Z.exe
       PostBuildEvent:
         echo copy "C:\Program Files\NVIDIA GPU Computing Toolkit\CUDA\v6.5\bin\cudart*.dll" "F:\PS_Project\newPRO_Z2Z\x64\Debug\"
         copy "C:\Program Files\NVIDIA GPU Computing Toolkit\CUDA\v6.5\bin\cudart*.dll" "F:\PS_Project\newPRO_Z2Z\x64\Debug\"
         :VCEnd
         copy "C:\Program Files\NVIDIA GPU Computing Toolkit\CUDA\v6.5\bin\cudart*.dll" "F:\PS_Project\newPRO_Z2Z\x64\Debug\"
         C:\Program Files\NVIDIA GPU Computing Toolkit\CUDA\v6.5\bin\cudart32_65.dll
         C:\Program Files\NVIDIA GPU Computing Toolkit\CUDA\v6.5\bin\cudart64_60.dll
         C:\Program Files\NVIDIA GPU Computing Toolkit\CUDA\v6.5\bin\cudart64_65.dll
         已复制         3 个文件。
       FinalizeBuildStatus:
         正在删除文件“x64\Debug\newPRO_Z2Z.unsuccessfulbuild”。
         正在对“x64\Debug\newPRO_Z2Z.lastbuildstate”执行 Touch 任务。
     1>已完成生成项目“F:\PS_Project\newPRO_Z2Z\newPRO\newPRO.vcxproj”(build 个目标)的操作。

生成成功。

已用时间 00:00:01.56
