生成启动时间为 2014/9/3 11:22:46。
     1>项目“c:\Users\nieying\documents\visual studio 2010\Projects\newPRO\newPRO\newPRO.vcxproj”在节点 2 上(build 个目标)。
     1>InitializeBuildStatus:
         正在创建“Debug\newPRO.unsuccessfulbuild”，因为已指定“AlwaysCreate”。
       AddCudaCompileDeps:
       正在跳过目标“AddCudaCompileDeps”，因为所有输出文件相对于输入文件而言都是最新的。
       CudaBuild:
       正在跳过目标“CudaBuild”，因为所有输出文件相对于输入文件而言都是最新的。
       ClCompile:
         C:\Program Files (x86)\Microsoft Visual Studio 10.0\VC\bin\CL.exe /c /I"C:\Program Files\NVIDIA GPU Computing Toolkit\CUDA\v6.5\include" /ZI /nologo /W3 /WX- /Od /Oy- /D WIN32 /D _DEBUG /D _CONSOLE /D _MBCS /Gm /EHsc /RTC1 /MDd /GS /fp:precise /Zc:wchar_t /Zc:forScope /Fo"Debug\\" /Fd"Debug\vc100.pdb" /Gd /TP /analyze- /errorReport:prompt BMPloader.cpp
         BMPloader.cpp
       ManifestResourceCompile:
         所有输出均为最新。
       Link:
         C:\Program Files (x86)\Microsoft Visual Studio 10.0\VC\bin\link.exe /ERRORREPORT:PROMPT /OUT:"c:\users\nieying\documents\visual studio 2010\Projects\newPRO\Debug\newPRO.exe" /INCREMENTAL /NOLOGO /LIBPATH:"C:\Program Files\NVIDIA GPU Computing Toolkit\CUDA\v6.5\lib\Win32" cudart.lib kernel32.lib user32.lib gdi32.lib winspool.lib comdlg32.lib advapi32.lib shell32.lib ole32.lib oleaut32.lib uuid.lib odbc32.lib odbccp32.lib kernel32.lib user32.lib gdi32.lib winspool.lib comdlg32.lib advapi32.lib shell32.lib ole32.lib oleaut32.lib uuid.lib odbc32.lib odbccp32.lib /MANIFEST /ManifestFile:"Debug\newPRO.exe.intermediate.manifest" /MANIFESTUAC:"level='asInvoker' uiAccess='false'" /DEBUG /PDB:"c:\users\nieying\documents\visual studio 2010\Projects\newPRO\Debug\newPRO.pdb" /SUBSYSTEM:CONSOLE /TLBID:1 /DYNAMICBASE /NXCOMPAT /IMPLIB:"c:\users\nieying\documents\visual studio 2010\Projects\newPRO\Debug\newPRO.lib" /MACHINE:X86 Debug\kernel.cu.obj
         Debug\newPRO.exe.embed.manifest.res
         Debug\BMPloader.obj
       Manifest:
         c:\Program Files (x86)\Microsoft SDKs\Windows\v7.0A\bin\mt.exe /nologo /verbose /out:"Debug\newPRO.exe.embed.manifest" /manifest Debug\newPRO.exe.intermediate.manifest
         所有输出均为最新。
       LinkEmbedManifest:
         所有输出均为最新。
         newPRO.vcxproj -> c:\users\nieying\documents\visual studio 2010\Projects\newPRO\Debug\newPRO.exe
       PostBuildEvent:
         echo copy "C:\Program Files\NVIDIA GPU Computing Toolkit\CUDA\v6.5\bin\cudart*.dll" "c:\users\nieying\documents\visual studio 2010\Projects\newPRO\Debug\"
         copy "C:\Program Files\NVIDIA GPU Computing Toolkit\CUDA\v6.5\bin\cudart*.dll" "c:\users\nieying\documents\visual studio 2010\Projects\newPRO\Debug\"
         :VCEnd
         copy "C:\Program Files\NVIDIA GPU Computing Toolkit\CUDA\v6.5\bin\cudart*.dll" "c:\users\nieying\documents\visual studio 2010\Projects\newPRO\Debug\"
         C:\Program Files\NVIDIA GPU Computing Toolkit\CUDA\v6.5\bin\cudart32_65.dll
         C:\Program Files\NVIDIA GPU Computing Toolkit\CUDA\v6.5\bin\cudart64_65.dll
         已复制         2 个文件。
       FinalizeBuildStatus:
         正在删除文件“Debug\newPRO.unsuccessfulbuild”。
         正在对“Debug\newPRO.lastbuildstate”执行 Touch 任务。
     1>已完成生成项目“c:\Users\nieying\documents\visual studio 2010\Projects\newPRO\newPRO\newPRO.vcxproj”(build 个目标)的操作。

生成成功。

已用时间 00:00:00.39
